{
  "stats": {
    "suites": 1,
    "tests": 9,
    "passes": 9,
    "pending": 0,
    "failures": 0,
    "start": "2017-08-10T10:41:06.590Z",
    "end": "2017-08-10T10:41:06.613Z",
    "duration": 23,
    "testsRegistered": 9,
    "passPercent": 100,
    "pendingPercent": 0,
    "other": 0,
    "hasOther": false,
    "skipped": 0,
    "hasSkipped": false,
    "passPercentClass": "success",
    "pendingPercentClass": "danger"
  },
  "suites": {
    "title": "",
    "suites": [
      {
        "title": "Stack",
        "suites": [],
        "tests": [
          {
            "title": "should be able to create a stack object.",
            "fullTitle": "Stack should be able to create a stack object.",
            "timedOut": false,
            "duration": 1,
            "state": "passed",
            "speed": "fast",
            "pass": true,
            "fail": false,
            "pending": false,
            "code": "assert.instanceOf(stack, _index2.default, \"stack has been instantiated.\");",
            "err": {},
            "isRoot": false,
            "uuid": "110a10eb-83b7-46fb-a990-51d7041460fe",
            "parentUUID": "bd975b15-6d28-4caf-956b-28446865b7d3",
            "isHook": false,
            "skipped": false
          },
          {
            "title": "should have 2 properties. top and length",
            "fullTitle": "Stack should have 2 properties. top and length",
            "timedOut": false,
            "duration": 1,
            "state": "passed",
            "speed": "fast",
            "pass": true,
            "fail": false,
            "pending": false,
            "code": "assert.property(stack, 'top');\nassert.property(stack, 'length');",
            "err": {},
            "isRoot": false,
            "uuid": "1bc15df3-ae7a-44d9-8a6f-7c8aed74039c",
            "parentUUID": "bd975b15-6d28-4caf-956b-28446865b7d3",
            "isHook": false,
            "skipped": false
          },
          {
            "title": "should say if stack is empty",
            "fullTitle": "Stack should say if stack is empty",
            "timedOut": false,
            "duration": 0,
            "state": "passed",
            "speed": "fast",
            "pass": true,
            "fail": false,
            "pending": false,
            "code": "assert.isTrue(stack.isEmpty(), \"stack has no data\");",
            "err": {},
            "isRoot": false,
            "uuid": "ff2aa93e-4de1-41f8-9d88-8131edbd34ec",
            "parentUUID": "bd975b15-6d28-4caf-956b-28446865b7d3",
            "isHook": false,
            "skipped": false
          },
          {
            "title": "should be able to push",
            "fullTitle": "Stack should be able to push",
            "timedOut": false,
            "duration": 0,
            "state": "passed",
            "speed": "fast",
            "pass": true,
            "fail": false,
            "pending": false,
            "code": "stack.push(1);\nassert.equal(stack.top.data, 1, \"1 should be at top\");\nassert.equal(stack.top.next, null, \"1 should be at top\");\nassert.equal(stack.length, 1, \"length should be 1\");\nstack.push(2);\nassert.equal(stack.top.data, 2, \"2 should be at top\");\nassert.equal(stack.top.next.data, 1, \"2 should be at top\");\nassert.equal(stack.length, 2, \"length should be 2\");",
            "err": {},
            "isRoot": false,
            "uuid": "2be9fc8f-ae66-4962-a66f-74c95e2c064c",
            "parentUUID": "bd975b15-6d28-4caf-956b-28446865b7d3",
            "isHook": false,
            "skipped": false
          },
          {
            "title": "should be able to peek",
            "fullTitle": "Stack should be able to peek",
            "timedOut": false,
            "duration": 0,
            "state": "passed",
            "speed": "fast",
            "pass": true,
            "fail": false,
            "pending": false,
            "code": "assert.equal(stack.peek(), 2, \"2 should be at top.\");",
            "err": {},
            "isRoot": false,
            "uuid": "0fade201-0b53-4e8b-93a0-19fce9a25c02",
            "parentUUID": "bd975b15-6d28-4caf-956b-28446865b7d3",
            "isHook": false,
            "skipped": false
          },
          {
            "title": "should say determine if it is empty",
            "fullTitle": "Stack should say determine if it is empty",
            "timedOut": false,
            "duration": 1,
            "state": "passed",
            "speed": "fast",
            "pass": true,
            "fail": false,
            "pending": false,
            "code": "assert.isFalse(stack.isEmpty(), \"stack has some data\");",
            "err": {},
            "isRoot": false,
            "uuid": "6279fbb5-cd20-4235-b535-ae73c638f642",
            "parentUUID": "bd975b15-6d28-4caf-956b-28446865b7d3",
            "isHook": false,
            "skipped": false
          },
          {
            "title": "should be able to pop",
            "fullTitle": "Stack should be able to pop",
            "timedOut": false,
            "duration": 0,
            "state": "passed",
            "speed": "fast",
            "pass": true,
            "fail": false,
            "pending": false,
            "code": "var popped = stack.pop();\nassert.equal(popped.data, 2, \"the top most element has not been removed\");\nassert.equal(stack.size, 1, \"length of stack has not reduced\");\nassert.isFalse(stack.isEmpty(), \"stack has some data\");",
            "err": {},
            "isRoot": false,
            "uuid": "52823fc4-f565-47f4-a6de-b126013774ee",
            "parentUUID": "bd975b15-6d28-4caf-956b-28446865b7d3",
            "isHook": false,
            "skipped": false
          },
          {
            "title": "should be able to clear all elements",
            "fullTitle": "Stack should be able to clear all elements",
            "timedOut": false,
            "duration": 0,
            "state": "passed",
            "speed": "fast",
            "pass": true,
            "fail": false,
            "pending": false,
            "code": "stack.clear();\nassert.isTrue(stack.isEmpty(), \"stack should have no elements\");",
            "err": {},
            "isRoot": false,
            "uuid": "6a634489-3f60-472f-bc65-45ae289ece44",
            "parentUUID": "bd975b15-6d28-4caf-956b-28446865b7d3",
            "isHook": false,
            "skipped": false
          },
          {
            "title": "should be able to convert the instance as an array",
            "fullTitle": "Stack should be able to convert the instance as an array",
            "timedOut": false,
            "duration": 2,
            "state": "passed",
            "speed": "fast",
            "pass": true,
            "fail": false,
            "pending": false,
            "code": "for (var index = 0; index < 5; index++) {\n    stack.push(index);\n};\nvar stringified = stack.toString();\nassert.equal(stack.length, 5, \"5 elements should be available\");\nassert.equal(stack.peek(), 4, \"top most elements must be last element added\");\nassert.isArray(stringified, \"stack should be available as a array\");\nassert.deepEqual(stringified, [4, 3, 2, 1, 0], \"stack should be displayed as array.\");",
            "err": {},
            "isRoot": false,
            "uuid": "b0799ee1-65b0-457b-9580-c9fb6d01a475",
            "parentUUID": "bd975b15-6d28-4caf-956b-28446865b7d3",
            "isHook": false,
            "skipped": false
          }
        ],
        "pending": [],
        "root": false,
        "_timeout": 2000,
        "file": "\\test\\index.test.js",
        "uuid": "bd975b15-6d28-4caf-956b-28446865b7d3",
        "beforeHooks": [
          {
            "title": "\"before all\" hook",
            "fullTitle": "Stack \"before all\" hook",
            "timedOut": false,
            "duration": 0,
            "pass": false,
            "fail": false,
            "pending": false,
            "code": "stack = new _index2.default();",
            "err": {},
            "isRoot": false,
            "uuid": "bdc4516e-3e3a-4fec-8550-e05ad9a5ce36",
            "parentUUID": "bd975b15-6d28-4caf-956b-28446865b7d3",
            "isHook": true,
            "skipped": false
          }
        ],
        "afterHooks": [],
        "fullFile": "C:\\Users\\s.panigrahi\\Documents\\Projects\\DataStructureUsingJS\\test\\index.test.js",
        "passes": [
          {
            "title": "should be able to create a stack object.",
            "fullTitle": "Stack should be able to create a stack object.",
            "timedOut": false,
            "duration": 1,
            "state": "passed",
            "speed": "fast",
            "pass": true,
            "fail": false,
            "pending": false,
            "code": "assert.instanceOf(stack, _index2.default, \"stack has been instantiated.\");",
            "err": {},
            "isRoot": false,
            "uuid": "110a10eb-83b7-46fb-a990-51d7041460fe",
            "parentUUID": "bd975b15-6d28-4caf-956b-28446865b7d3",
            "isHook": false,
            "skipped": false
          },
          {
            "title": "should have 2 properties. top and length",
            "fullTitle": "Stack should have 2 properties. top and length",
            "timedOut": false,
            "duration": 1,
            "state": "passed",
            "speed": "fast",
            "pass": true,
            "fail": false,
            "pending": false,
            "code": "assert.property(stack, 'top');\nassert.property(stack, 'length');",
            "err": {},
            "isRoot": false,
            "uuid": "1bc15df3-ae7a-44d9-8a6f-7c8aed74039c",
            "parentUUID": "bd975b15-6d28-4caf-956b-28446865b7d3",
            "isHook": false,
            "skipped": false
          },
          {
            "title": "should say if stack is empty",
            "fullTitle": "Stack should say if stack is empty",
            "timedOut": false,
            "duration": 0,
            "state": "passed",
            "speed": "fast",
            "pass": true,
            "fail": false,
            "pending": false,
            "code": "assert.isTrue(stack.isEmpty(), \"stack has no data\");",
            "err": {},
            "isRoot": false,
            "uuid": "ff2aa93e-4de1-41f8-9d88-8131edbd34ec",
            "parentUUID": "bd975b15-6d28-4caf-956b-28446865b7d3",
            "isHook": false,
            "skipped": false
          },
          {
            "title": "should be able to push",
            "fullTitle": "Stack should be able to push",
            "timedOut": false,
            "duration": 0,
            "state": "passed",
            "speed": "fast",
            "pass": true,
            "fail": false,
            "pending": false,
            "code": "stack.push(1);\nassert.equal(stack.top.data, 1, \"1 should be at top\");\nassert.equal(stack.top.next, null, \"1 should be at top\");\nassert.equal(stack.length, 1, \"length should be 1\");\nstack.push(2);\nassert.equal(stack.top.data, 2, \"2 should be at top\");\nassert.equal(stack.top.next.data, 1, \"2 should be at top\");\nassert.equal(stack.length, 2, \"length should be 2\");",
            "err": {},
            "isRoot": false,
            "uuid": "2be9fc8f-ae66-4962-a66f-74c95e2c064c",
            "parentUUID": "bd975b15-6d28-4caf-956b-28446865b7d3",
            "isHook": false,
            "skipped": false
          },
          {
            "title": "should be able to peek",
            "fullTitle": "Stack should be able to peek",
            "timedOut": false,
            "duration": 0,
            "state": "passed",
            "speed": "fast",
            "pass": true,
            "fail": false,
            "pending": false,
            "code": "assert.equal(stack.peek(), 2, \"2 should be at top.\");",
            "err": {},
            "isRoot": false,
            "uuid": "0fade201-0b53-4e8b-93a0-19fce9a25c02",
            "parentUUID": "bd975b15-6d28-4caf-956b-28446865b7d3",
            "isHook": false,
            "skipped": false
          },
          {
            "title": "should say determine if it is empty",
            "fullTitle": "Stack should say determine if it is empty",
            "timedOut": false,
            "duration": 1,
            "state": "passed",
            "speed": "fast",
            "pass": true,
            "fail": false,
            "pending": false,
            "code": "assert.isFalse(stack.isEmpty(), \"stack has some data\");",
            "err": {},
            "isRoot": false,
            "uuid": "6279fbb5-cd20-4235-b535-ae73c638f642",
            "parentUUID": "bd975b15-6d28-4caf-956b-28446865b7d3",
            "isHook": false,
            "skipped": false
          },
          {
            "title": "should be able to pop",
            "fullTitle": "Stack should be able to pop",
            "timedOut": false,
            "duration": 0,
            "state": "passed",
            "speed": "fast",
            "pass": true,
            "fail": false,
            "pending": false,
            "code": "var popped = stack.pop();\nassert.equal(popped.data, 2, \"the top most element has not been removed\");\nassert.equal(stack.size, 1, \"length of stack has not reduced\");\nassert.isFalse(stack.isEmpty(), \"stack has some data\");",
            "err": {},
            "isRoot": false,
            "uuid": "52823fc4-f565-47f4-a6de-b126013774ee",
            "parentUUID": "bd975b15-6d28-4caf-956b-28446865b7d3",
            "isHook": false,
            "skipped": false
          },
          {
            "title": "should be able to clear all elements",
            "fullTitle": "Stack should be able to clear all elements",
            "timedOut": false,
            "duration": 0,
            "state": "passed",
            "speed": "fast",
            "pass": true,
            "fail": false,
            "pending": false,
            "code": "stack.clear();\nassert.isTrue(stack.isEmpty(), \"stack should have no elements\");",
            "err": {},
            "isRoot": false,
            "uuid": "6a634489-3f60-472f-bc65-45ae289ece44",
            "parentUUID": "bd975b15-6d28-4caf-956b-28446865b7d3",
            "isHook": false,
            "skipped": false
          },
          {
            "title": "should be able to convert the instance as an array",
            "fullTitle": "Stack should be able to convert the instance as an array",
            "timedOut": false,
            "duration": 2,
            "state": "passed",
            "speed": "fast",
            "pass": true,
            "fail": false,
            "pending": false,
            "code": "for (var index = 0; index < 5; index++) {\n    stack.push(index);\n};\nvar stringified = stack.toString();\nassert.equal(stack.length, 5, \"5 elements should be available\");\nassert.equal(stack.peek(), 4, \"top most elements must be last element added\");\nassert.isArray(stringified, \"stack should be available as a array\");\nassert.deepEqual(stringified, [4, 3, 2, 1, 0], \"stack should be displayed as array.\");",
            "err": {},
            "isRoot": false,
            "uuid": "b0799ee1-65b0-457b-9580-c9fb6d01a475",
            "parentUUID": "bd975b15-6d28-4caf-956b-28446865b7d3",
            "isHook": false,
            "skipped": false
          }
        ],
        "failures": [],
        "skipped": [],
        "hasBeforeHooks": true,
        "hasAfterHooks": false,
        "hasTests": true,
        "hasSuites": false,
        "totalTests": 9,
        "totalPasses": 9,
        "totalFailures": 0,
        "totalPending": 0,
        "totalSkipped": 0,
        "hasPasses": true,
        "hasFailures": false,
        "hasPending": false,
        "hasSkipped": false,
        "duration": 5,
        "rootEmpty": false
      }
    ],
    "tests": [],
    "pending": [],
    "root": true,
    "_timeout": 2000,
    "uuid": "5c0dae90-b0a1-4ca2-99af-fccbd09212fe",
    "beforeHooks": [],
    "afterHooks": [],
    "fullFile": "",
    "file": "",
    "passes": [],
    "failures": [],
    "skipped": [],
    "hasBeforeHooks": false,
    "hasAfterHooks": false,
    "hasTests": false,
    "hasSuites": true,
    "totalTests": 0,
    "totalPasses": 0,
    "totalFailures": 0,
    "totalPending": 0,
    "totalSkipped": 0,
    "hasPasses": false,
    "hasFailures": false,
    "hasPending": false,
    "hasSkipped": false,
    "duration": 0,
    "rootEmpty": true
  },
  "allTests": [
    {
      "title": "should be able to create a stack object.",
      "fullTitle": "Stack should be able to create a stack object.",
      "timedOut": false,
      "duration": 1,
      "state": "passed",
      "speed": "fast",
      "pass": true,
      "fail": false,
      "pending": false,
      "code": "assert.instanceOf(stack, _index2.default, \"stack has been instantiated.\");",
      "err": {},
      "isRoot": false,
      "uuid": "110a10eb-83b7-46fb-a990-51d7041460fe",
      "parentUUID": "bd975b15-6d28-4caf-956b-28446865b7d3",
      "isHook": false,
      "skipped": false
    },
    {
      "title": "should have 2 properties. top and length",
      "fullTitle": "Stack should have 2 properties. top and length",
      "timedOut": false,
      "duration": 1,
      "state": "passed",
      "speed": "fast",
      "pass": true,
      "fail": false,
      "pending": false,
      "code": "assert.property(stack, 'top');\nassert.property(stack, 'length');",
      "err": {},
      "isRoot": false,
      "uuid": "1bc15df3-ae7a-44d9-8a6f-7c8aed74039c",
      "parentUUID": "bd975b15-6d28-4caf-956b-28446865b7d3",
      "isHook": false,
      "skipped": false
    },
    {
      "title": "should say if stack is empty",
      "fullTitle": "Stack should say if stack is empty",
      "timedOut": false,
      "duration": 0,
      "state": "passed",
      "speed": "fast",
      "pass": true,
      "fail": false,
      "pending": false,
      "code": "assert.isTrue(stack.isEmpty(), \"stack has no data\");",
      "err": {},
      "isRoot": false,
      "uuid": "ff2aa93e-4de1-41f8-9d88-8131edbd34ec",
      "parentUUID": "bd975b15-6d28-4caf-956b-28446865b7d3",
      "isHook": false,
      "skipped": false
    },
    {
      "title": "should be able to push",
      "fullTitle": "Stack should be able to push",
      "timedOut": false,
      "duration": 0,
      "state": "passed",
      "speed": "fast",
      "pass": true,
      "fail": false,
      "pending": false,
      "code": "stack.push(1);\nassert.equal(stack.top.data, 1, \"1 should be at top\");\nassert.equal(stack.top.next, null, \"1 should be at top\");\nassert.equal(stack.length, 1, \"length should be 1\");\nstack.push(2);\nassert.equal(stack.top.data, 2, \"2 should be at top\");\nassert.equal(stack.top.next.data, 1, \"2 should be at top\");\nassert.equal(stack.length, 2, \"length should be 2\");",
      "err": {},
      "isRoot": false,
      "uuid": "2be9fc8f-ae66-4962-a66f-74c95e2c064c",
      "parentUUID": "bd975b15-6d28-4caf-956b-28446865b7d3",
      "isHook": false,
      "skipped": false
    },
    {
      "title": "should be able to peek",
      "fullTitle": "Stack should be able to peek",
      "timedOut": false,
      "duration": 0,
      "state": "passed",
      "speed": "fast",
      "pass": true,
      "fail": false,
      "pending": false,
      "code": "assert.equal(stack.peek(), 2, \"2 should be at top.\");",
      "err": {},
      "isRoot": false,
      "uuid": "0fade201-0b53-4e8b-93a0-19fce9a25c02",
      "parentUUID": "bd975b15-6d28-4caf-956b-28446865b7d3",
      "isHook": false,
      "skipped": false
    },
    {
      "title": "should say determine if it is empty",
      "fullTitle": "Stack should say determine if it is empty",
      "timedOut": false,
      "duration": 1,
      "state": "passed",
      "speed": "fast",
      "pass": true,
      "fail": false,
      "pending": false,
      "code": "assert.isFalse(stack.isEmpty(), \"stack has some data\");",
      "err": {},
      "isRoot": false,
      "uuid": "6279fbb5-cd20-4235-b535-ae73c638f642",
      "parentUUID": "bd975b15-6d28-4caf-956b-28446865b7d3",
      "isHook": false,
      "skipped": false
    },
    {
      "title": "should be able to pop",
      "fullTitle": "Stack should be able to pop",
      "timedOut": false,
      "duration": 0,
      "state": "passed",
      "speed": "fast",
      "pass": true,
      "fail": false,
      "pending": false,
      "code": "var popped = stack.pop();\nassert.equal(popped.data, 2, \"the top most element has not been removed\");\nassert.equal(stack.size, 1, \"length of stack has not reduced\");\nassert.isFalse(stack.isEmpty(), \"stack has some data\");",
      "err": {},
      "isRoot": false,
      "uuid": "52823fc4-f565-47f4-a6de-b126013774ee",
      "parentUUID": "bd975b15-6d28-4caf-956b-28446865b7d3",
      "isHook": false,
      "skipped": false
    },
    {
      "title": "should be able to clear all elements",
      "fullTitle": "Stack should be able to clear all elements",
      "timedOut": false,
      "duration": 0,
      "state": "passed",
      "speed": "fast",
      "pass": true,
      "fail": false,
      "pending": false,
      "code": "stack.clear();\nassert.isTrue(stack.isEmpty(), \"stack should have no elements\");",
      "err": {},
      "isRoot": false,
      "uuid": "6a634489-3f60-472f-bc65-45ae289ece44",
      "parentUUID": "bd975b15-6d28-4caf-956b-28446865b7d3",
      "isHook": false,
      "skipped": false
    },
    {
      "title": "should be able to convert the instance as an array",
      "fullTitle": "Stack should be able to convert the instance as an array",
      "timedOut": false,
      "duration": 2,
      "state": "passed",
      "speed": "fast",
      "pass": true,
      "fail": false,
      "pending": false,
      "code": "for (var index = 0; index < 5; index++) {\n    stack.push(index);\n};\nvar stringified = stack.toString();\nassert.equal(stack.length, 5, \"5 elements should be available\");\nassert.equal(stack.peek(), 4, \"top most elements must be last element added\");\nassert.isArray(stringified, \"stack should be available as a array\");\nassert.deepEqual(stringified, [4, 3, 2, 1, 0], \"stack should be displayed as array.\");",
      "err": {},
      "isRoot": false,
      "uuid": "b0799ee1-65b0-457b-9580-c9fb6d01a475",
      "parentUUID": "bd975b15-6d28-4caf-956b-28446865b7d3",
      "isHook": false,
      "skipped": false
    }
  ],
  "allPending": [],
  "allPasses": [
    {
      "title": "should be able to create a stack object.",
      "fullTitle": "Stack should be able to create a stack object.",
      "timedOut": false,
      "duration": 1,
      "state": "passed",
      "speed": "fast",
      "pass": true,
      "fail": false,
      "pending": false,
      "code": "assert.instanceOf(stack, _index2.default, \"stack has been instantiated.\");",
      "err": {},
      "isRoot": false,
      "uuid": "110a10eb-83b7-46fb-a990-51d7041460fe",
      "parentUUID": "bd975b15-6d28-4caf-956b-28446865b7d3",
      "isHook": false,
      "skipped": false
    },
    {
      "title": "should have 2 properties. top and length",
      "fullTitle": "Stack should have 2 properties. top and length",
      "timedOut": false,
      "duration": 1,
      "state": "passed",
      "speed": "fast",
      "pass": true,
      "fail": false,
      "pending": false,
      "code": "assert.property(stack, 'top');\nassert.property(stack, 'length');",
      "err": {},
      "isRoot": false,
      "uuid": "1bc15df3-ae7a-44d9-8a6f-7c8aed74039c",
      "parentUUID": "bd975b15-6d28-4caf-956b-28446865b7d3",
      "isHook": false,
      "skipped": false
    },
    {
      "title": "should say if stack is empty",
      "fullTitle": "Stack should say if stack is empty",
      "timedOut": false,
      "duration": 0,
      "state": "passed",
      "speed": "fast",
      "pass": true,
      "fail": false,
      "pending": false,
      "code": "assert.isTrue(stack.isEmpty(), \"stack has no data\");",
      "err": {},
      "isRoot": false,
      "uuid": "ff2aa93e-4de1-41f8-9d88-8131edbd34ec",
      "parentUUID": "bd975b15-6d28-4caf-956b-28446865b7d3",
      "isHook": false,
      "skipped": false
    },
    {
      "title": "should be able to push",
      "fullTitle": "Stack should be able to push",
      "timedOut": false,
      "duration": 0,
      "state": "passed",
      "speed": "fast",
      "pass": true,
      "fail": false,
      "pending": false,
      "code": "stack.push(1);\nassert.equal(stack.top.data, 1, \"1 should be at top\");\nassert.equal(stack.top.next, null, \"1 should be at top\");\nassert.equal(stack.length, 1, \"length should be 1\");\nstack.push(2);\nassert.equal(stack.top.data, 2, \"2 should be at top\");\nassert.equal(stack.top.next.data, 1, \"2 should be at top\");\nassert.equal(stack.length, 2, \"length should be 2\");",
      "err": {},
      "isRoot": false,
      "uuid": "2be9fc8f-ae66-4962-a66f-74c95e2c064c",
      "parentUUID": "bd975b15-6d28-4caf-956b-28446865b7d3",
      "isHook": false,
      "skipped": false
    },
    {
      "title": "should be able to peek",
      "fullTitle": "Stack should be able to peek",
      "timedOut": false,
      "duration": 0,
      "state": "passed",
      "speed": "fast",
      "pass": true,
      "fail": false,
      "pending": false,
      "code": "assert.equal(stack.peek(), 2, \"2 should be at top.\");",
      "err": {},
      "isRoot": false,
      "uuid": "0fade201-0b53-4e8b-93a0-19fce9a25c02",
      "parentUUID": "bd975b15-6d28-4caf-956b-28446865b7d3",
      "isHook": false,
      "skipped": false
    },
    {
      "title": "should say determine if it is empty",
      "fullTitle": "Stack should say determine if it is empty",
      "timedOut": false,
      "duration": 1,
      "state": "passed",
      "speed": "fast",
      "pass": true,
      "fail": false,
      "pending": false,
      "code": "assert.isFalse(stack.isEmpty(), \"stack has some data\");",
      "err": {},
      "isRoot": false,
      "uuid": "6279fbb5-cd20-4235-b535-ae73c638f642",
      "parentUUID": "bd975b15-6d28-4caf-956b-28446865b7d3",
      "isHook": false,
      "skipped": false
    },
    {
      "title": "should be able to pop",
      "fullTitle": "Stack should be able to pop",
      "timedOut": false,
      "duration": 0,
      "state": "passed",
      "speed": "fast",
      "pass": true,
      "fail": false,
      "pending": false,
      "code": "var popped = stack.pop();\nassert.equal(popped.data, 2, \"the top most element has not been removed\");\nassert.equal(stack.size, 1, \"length of stack has not reduced\");\nassert.isFalse(stack.isEmpty(), \"stack has some data\");",
      "err": {},
      "isRoot": false,
      "uuid": "52823fc4-f565-47f4-a6de-b126013774ee",
      "parentUUID": "bd975b15-6d28-4caf-956b-28446865b7d3",
      "isHook": false,
      "skipped": false
    },
    {
      "title": "should be able to clear all elements",
      "fullTitle": "Stack should be able to clear all elements",
      "timedOut": false,
      "duration": 0,
      "state": "passed",
      "speed": "fast",
      "pass": true,
      "fail": false,
      "pending": false,
      "code": "stack.clear();\nassert.isTrue(stack.isEmpty(), \"stack should have no elements\");",
      "err": {},
      "isRoot": false,
      "uuid": "6a634489-3f60-472f-bc65-45ae289ece44",
      "parentUUID": "bd975b15-6d28-4caf-956b-28446865b7d3",
      "isHook": false,
      "skipped": false
    },
    {
      "title": "should be able to convert the instance as an array",
      "fullTitle": "Stack should be able to convert the instance as an array",
      "timedOut": false,
      "duration": 2,
      "state": "passed",
      "speed": "fast",
      "pass": true,
      "fail": false,
      "pending": false,
      "code": "for (var index = 0; index < 5; index++) {\n    stack.push(index);\n};\nvar stringified = stack.toString();\nassert.equal(stack.length, 5, \"5 elements should be available\");\nassert.equal(stack.peek(), 4, \"top most elements must be last element added\");\nassert.isArray(stringified, \"stack should be available as a array\");\nassert.deepEqual(stringified, [4, 3, 2, 1, 0], \"stack should be displayed as array.\");",
      "err": {},
      "isRoot": false,
      "uuid": "b0799ee1-65b0-457b-9580-c9fb6d01a475",
      "parentUUID": "bd975b15-6d28-4caf-956b-28446865b7d3",
      "isHook": false,
      "skipped": false
    }
  ],
  "allFailures": [],
  "copyrightYear": 2017
}